2020-05-11 12:22:57.242 [info] <0.44.0> Application lager started on node nonode@nohost
2020-05-11 12:22:57.250 [info] <0.44.0> Application xmerl started on node nonode@nohost
2020-05-11 12:22:57.264 [info] <0.44.0> Application sasl started on node nonode@nohost
2020-05-11 12:22:57.270 [info] <0.44.0> Application tools started on node nonode@nohost
2020-05-11 12:22:57.272 [info] <0.44.0> Application jsx started on node nonode@nohost
2020-05-11 12:22:57.276 [info] <0.44.0> Application ranch started on node nonode@nohost
2020-05-11 12:22:57.278 [info] <0.44.0> Application recon started on node nonode@nohost
2020-05-11 12:22:57.428 [info] <0.44.0> Application credentials_obfuscation started on node nonode@nohost
2020-05-11 12:22:57.428 [info] <0.44.0> Application rabbit_common started on node nonode@nohost
2020-05-11 12:22:57.435 [info] <0.44.0> Application amqp_client started on node nonode@nohost
2020-05-11 12:22:57.437 [info] <0.44.0> Application amqp started on node nonode@nohost
2020-05-11 12:22:57.437 [info] <0.44.0> Application rabbitmq_tutorials started on node nonode@nohost
2020-05-11 13:24:45.571 [info] <0.44.0> Application lager started on node nonode@nohost
2020-05-11 13:24:45.578 [info] <0.44.0> Application xmerl started on node nonode@nohost
2020-05-11 13:24:45.593 [info] <0.44.0> Application sasl started on node nonode@nohost
2020-05-11 13:24:45.599 [info] <0.44.0> Application tools started on node nonode@nohost
2020-05-11 13:24:45.601 [info] <0.44.0> Application jsx started on node nonode@nohost
2020-05-11 13:24:45.605 [info] <0.44.0> Application ranch started on node nonode@nohost
2020-05-11 13:24:45.607 [info] <0.44.0> Application recon started on node nonode@nohost
2020-05-11 13:24:45.736 [info] <0.44.0> Application credentials_obfuscation started on node nonode@nohost
2020-05-11 13:24:45.736 [info] <0.44.0> Application rabbit_common started on node nonode@nohost
2020-05-11 13:24:45.742 [info] <0.44.0> Application amqp_client started on node nonode@nohost
2020-05-11 13:24:45.744 [info] <0.44.0> Application amqp started on node nonode@nohost
2020-05-11 13:24:45.744 [info] <0.44.0> Application rabbitmq_tutorials started on node nonode@nohost
2020-05-11 13:26:01.000 [info] <0.44.0> Application lager started on node nonode@nohost
2020-05-11 13:26:01.007 [info] <0.44.0> Application xmerl started on node nonode@nohost
2020-05-11 13:26:01.022 [info] <0.44.0> Application sasl started on node nonode@nohost
2020-05-11 13:26:01.028 [info] <0.44.0> Application tools started on node nonode@nohost
2020-05-11 13:26:01.030 [info] <0.44.0> Application jsx started on node nonode@nohost
2020-05-11 13:26:01.035 [info] <0.44.0> Application ranch started on node nonode@nohost
2020-05-11 13:26:01.037 [info] <0.44.0> Application recon started on node nonode@nohost
2020-05-11 13:26:01.170 [info] <0.44.0> Application credentials_obfuscation started on node nonode@nohost
2020-05-11 13:26:01.170 [info] <0.44.0> Application rabbit_common started on node nonode@nohost
2020-05-11 13:26:01.177 [info] <0.44.0> Application amqp_client started on node nonode@nohost
2020-05-11 13:26:01.179 [info] <0.44.0> Application amqp started on node nonode@nohost
2020-05-11 13:26:01.179 [info] <0.44.0> Application rabbitmq_tutorials started on node nonode@nohost
2020-05-11 13:26:16.231 [info] <0.44.0> Application lager started on node nonode@nohost
2020-05-11 13:26:16.237 [info] <0.44.0> Application xmerl started on node nonode@nohost
2020-05-11 13:26:16.252 [info] <0.44.0> Application sasl started on node nonode@nohost
2020-05-11 13:26:16.258 [info] <0.44.0> Application tools started on node nonode@nohost
2020-05-11 13:26:16.260 [info] <0.44.0> Application jsx started on node nonode@nohost
2020-05-11 13:26:16.264 [info] <0.44.0> Application ranch started on node nonode@nohost
2020-05-11 13:26:16.267 [info] <0.44.0> Application recon started on node nonode@nohost
2020-05-11 13:26:16.390 [info] <0.44.0> Application credentials_obfuscation started on node nonode@nohost
2020-05-11 13:26:16.390 [info] <0.44.0> Application rabbit_common started on node nonode@nohost
2020-05-11 13:26:16.396 [info] <0.44.0> Application amqp_client started on node nonode@nohost
2020-05-11 13:26:16.397 [info] <0.44.0> Application amqp started on node nonode@nohost
2020-05-11 13:26:16.397 [info] <0.44.0> Application rabbitmq_tutorials started on node nonode@nohost
2020-05-11 13:27:01.563 [info] <0.44.0> Application lager started on node nonode@nohost
2020-05-11 13:27:01.570 [info] <0.44.0> Application xmerl started on node nonode@nohost
2020-05-11 13:27:01.585 [info] <0.44.0> Application sasl started on node nonode@nohost
2020-05-11 13:27:01.590 [info] <0.44.0> Application tools started on node nonode@nohost
2020-05-11 13:27:01.592 [info] <0.44.0> Application jsx started on node nonode@nohost
2020-05-11 13:27:01.597 [info] <0.44.0> Application ranch started on node nonode@nohost
2020-05-11 13:27:01.598 [info] <0.44.0> Application recon started on node nonode@nohost
2020-05-11 13:27:01.734 [info] <0.44.0> Application credentials_obfuscation started on node nonode@nohost
2020-05-11 13:27:01.734 [info] <0.44.0> Application rabbit_common started on node nonode@nohost
2020-05-11 13:27:01.742 [info] <0.44.0> Application amqp_client started on node nonode@nohost
2020-05-11 13:27:01.744 [info] <0.44.0> Application amqp started on node nonode@nohost
2020-05-11 13:27:01.745 [info] <0.44.0> Application rabbitmq_tutorials started on node nonode@nohost
2020-05-11 15:03:28.705 [error] <0.275.0> gen_server <0.275.0> terminated with reason: {socket_error,timeout}
2020-05-11 15:03:28.705 [error] <0.269.0> gen_server <0.269.0> terminated with reason: {socket_error,timeout}
2020-05-11 15:03:28.729 [error] <0.269.0> CRASH REPORT Process <0.269.0> with 0 neighbours exited with reason: {socket_error,timeout} in gen_server:handle_common_reply/8 line 751
2020-05-11 15:03:28.730 [error] <0.267.0> Supervisor {<0.267.0>,amqp_connection_sup} had child connection started with amqp_gen_connection:start_link(<0.268.0>, {amqp_params_network,<<"guest">>,<<"UsgidtrmxtnW3BQaNv/c2IB2nIpSKBlj2oCT8AZc4R/BKyawHlh5pnIyADECIo...">>,...}) at <0.269.0> exit with reason {socket_error,timeout} in context child_terminated
2020-05-11 15:03:28.731 [error] <0.267.0> Supervisor {<0.267.0>,amqp_connection_sup} had child connection started with amqp_gen_connection:start_link(<0.268.0>, {amqp_params_network,<<"guest">>,<<"UsgidtrmxtnW3BQaNv/c2IB2nIpSKBlj2oCT8AZc4R/BKyawHlh5pnIyADECIo...">>,...}) at <0.269.0> exit with reason reached_max_restart_intensity in context shutdown
